<?xml version="1.0" encoding="UTF-8"?>
<!-- Generated by org.testng.reporters.JUnitXMLReporter -->
<testsuite ignored="0" hostname="DESKTOP-NQNSSRR" failures="0" tests="3" name="Surefire test" time="0.065" errors="0" timestamp="2023-11-06T21:42:28 IST">
  <testcase classname="rakesh.Testcases" name="case1" time="0.017"/>
  <testcase classname="rakesh.Testcases" name="case2" time="0.001"/>
  <testcase classname="rakesh.Testcases" name="case3" time="0.001"/>
</testsuite> <!-- Surefire test -->
